server_app/build/app/outputs/mapping/release/mapping.txt
# compiler: R8
# compiler_version: 2.1.86
# min_api: 16
# pg_map_id: c3c2cb7
# common_typos_disable
...
com.google.android.gms.internal.nearby.zzw -> c.b.a.a.d.d.l4:
com.google.android.gms.internal.nearby.zzx -> c.b.a.a.d.d.m4:
    long zzaz -> y
    java.util.Set zzba -> z
    com.google.android.gms.internal.nearby.zzff zzbd -> C
    java.util.Set zzbb -> A
    java.util.Set zzbc -> B
    java.lang.String getServiceDescriptor() -> B
    java.lang.String getStartServiceAction() -> C
    void onConnectedLocked(android.os.IInterface) -> F
    void onConnectionSuspended(int) -> H
    void disconnect() -> j
    void disconnectFromEndpoint(java.lang.String) -> l0
    void reset() -> m0
    void stopAdvertising() -> n0
    boolean requiresGooglePlayServices() -> o
    void stopAllEndpoints() -> o0
    int getMinApkVersion() -> p
    void stopDiscovery() -> p0
    com.google.android.gms.common.api.Status zza(int) -> q0
    android.os.IInterface createServiceInterface(android.os.IBinder) -> r
    void zza(com.google.android.gms.common.api.internal.BaseImplementation$ResultHolder,java.lang.String,com.google.android.gms.common.api.internal.ListenerHolder) -> r0
    void zza(com.google.android.gms.common.api.internal.BaseImplementation$ResultHolder,java.lang.String,com.google.android.gms.common.api.internal.ListenerHolder,com.google.android.gms.nearby.connection.DiscoveryOptions) -> s0
    void zza(com.google.android.gms.common.api.internal.BaseImplementation$ResultHolder,java.lang.String,java.lang.String,com.google.android.gms.common.api.internal.ListenerHolder) -> t0
com.google.android.gms.internal.nearby.zzy -> c.b.a.a.d.d.n4:
com.google.android.gms.internal.nearby.zzz -> c.b.a.a.d.d.o4:
    java.util.Set zzbg -> c
    com.google.android.gms.common.api.internal.ListenerHolder zzbe -> a
    java.util.Set zzbf -> b
    void zza(com.google.android.gms.internal.nearby.zzeh) -> A
    void zza(com.google.android.gms.internal.nearby.zzen) -> G
    void zza(com.google.android.gms.internal.nearby.zzep) -> K
    void shutdown() -> d
    void zza(com.google.android.gms.internal.nearby.zzef) -> u
com.google.android.gms.internal.tasks.zzb -> c.b.a.a.d.e.a:
com.google.android.gms.location.LocationAvailability -> com.google.android.gms.location.LocationAvailability:
    com.google.android.gms.location.zzbd[] zze -> f
    long zzc -> d
    int zzd -> e
    int zza -> b
    int zzb -> c
    boolean isLocationAvailable() -> b
com.google.android.gms.location.LocationCallback -> com.google.android.gms.location.a:
    void onLocationAvailability(com.google.android.gms.location.LocationAvailability) -> a
    void onLocationResult(com.google.android.gms.location.LocationResult) -> b
com.google.android.gms.location.LocationListener -> com.google.android.gms.location.b:
    void onLocationChanged(android.location.Location) -> a
com.google.android.gms.location.LocationRequest -> com.google.android.gms.location.LocationRequest:
    long zzh -> i
    long zze -> f
    float zzg -> h
    boolean zzd -> e
    int zzf -> g
    long zzc -> d
    long zzb -> c
    int zza -> b
    com.google.android.gms.location.LocationRequest create() -> b
    long getMaxWaitTime() -> c
    com.google.android.gms.location.LocationRequest setFastestInterval(long) -> d
    com.google.android.gms.location.LocationRequest setInterval(long) -> e
    com.google.android.gms.location.LocationRequest setPriority(int) -> f
    void zza(long) -> g
com.google.android.gms.location.LocationResult -> com.google.android.gms.location.LocationResult:
    java.util.List zzb -> b
    java.util.List zza -> c
    java.util.List getLocations() -> b
com.google.android.gms.location.LocationServices -> com.google.android.gms.location.c:
    com.google.android.gms.common.api.Api$ClientKey zza -> a
    com.google.android.gms.common.api.Api$AbstractClientBuilder zzb -> b
    com.google.android.gms.common.api.Api API -> c
    com.google.android.gms.location.SettingsClient getSettingsClient(android.app.Activity) -> a