server_app/build/app/outputs/mapping/release/usage.txt
androidx.core.view.WindowInsetsAnimationControllerCompat
kotlin.jvm.internal.MutablePropertyReference1
androidx.appcompat.widget.ActivityChooserView$4
androidx.collection.ArraySet:
    public void <init>(androidx.collection.ArraySet)
    public void <init>(java.util.Collection)
    public void addAll(androidx.collection.ArraySet)
    public boolean removeAll(androidx.collection.ArraySet)
    private static final boolean DEBUG
    private static final java.lang.String TAG
    private static final int BASE_SIZE
    private static final int CACHE_SIZE
com.google.gson.internal.Primitives:
    private void <init>()
    public static boolean isWrapperType(java.lang.reflect.Type)
    public static java.lang.Class wrap(java.lang.Class)
    public static java.lang.Class unwrap(java.lang.Class)
androidx.coordinatorlayout.R
androidx.core.util.LruCacheKt$lruCache$1
androidx.core.os.OperationCanceledException
androidx.savedstate.SavedStateRegistry:
    public void registerSavedStateProvider(java.lang.String,androidx.savedstate.SavedStateRegistry$SavedStateProvider)
    public void unregisterSavedStateProvider(java.lang.String)
    public boolean isRestored()
    public void runOnNextRecreation(java.lang.Class)
    private androidx.savedstate.Recreator$SavedStateProvider mRecreatorProvider
    private static final java.lang.String SAVED_COMPONENTS_KEY
kotlin.OptIn
io.flutter.embedding.engine.dart.DartMessenger$TaskQueueFactory:
    public abstract io.flutter.embedding.engine.dart.DartMessenger$DartMessengerTaskQueue makeBackgroundTaskQueue()
com.google.gson.internal.Streams:
    private void <init>()
    public static com.google.gson.JsonElement parse(com.google.gson.stream.JsonReader)
androidx.core.os.HandlerKt$postAtTime$runnable$1
io.flutter.plugins.deviceinfo.R$layout
kotlin.internal.RequireKotlinVersionKind
androidx.swiperefreshlayout.widget.SwipeRefreshLayout$8
androidx.core.location.LocationRequestCompat$Quality
androidx.slidingpanelayout.widget.SlidingPaneLayout$DragHelperCallback
kotlin.collections.SlidingWindowKt$windowedIterator$1
kotlin.jvm.internal.markers.KMutableIterator
kotlin.collections.ArraysKt___ArraysJvmKt$asList$1
kotlin.text.StringsKt__StringsKt$iterator$1
com.google.android.gms.internal.location.zzc
kotlin.StandardKt
androidx.core.text.TextDirectionHeuristicsCompat$FirstStrong
androidx.core.app.NotificationCompat$GroupAlertBehavior
androidx.appcompat.widget.AppCompatSpinner:
    public void <init>(android.content.Context)
    public void <init>(android.content.Context,int)
    public void <init>(android.content.Context,android.util.AttributeSet)
    private static final int MAX_ITEMS_MEASURED
    private static final java.lang.String TAG
    private static final int MODE_DIALOG
    private static final int MODE_DROPDOWN
    private static final int MODE_THEME
androidx.activity.R$style
kotlin.jvm.JvmSynthetic
kotlin.reflect.KMutableProperty1
kotlin.properties.Delegates
com.google.gson.internal.bind.TypeAdapters$7:
    public java.lang.Number read(com.google.gson.stream.JsonReader)
    public synthetic bridge java.lang.Object read(com.google.gson.stream.JsonReader)
androidx.appcompat.app.AppCompatDelegateImpl$6$1
androidx.core.content.IntentCompat$Api15Impl
kotlin.io.ConstantsKt
com.google.android.gms.location.ActivityTransitionEvent
androidx.core.animation.AnimatorKt$doOnEnd$$inlined$addListener$default$1
io.flutter.view.FlutterView$ViewportMetrics
androidx.core.view.ViewCompat$1:
    void frameworkSet(android.view.View,java.lang.Boolean)
    boolean shouldUpdate(java.lang.Boolean,java.lang.Boolean)
    synthetic bridge void frameworkSet(android.view.View,java.lang.Object)
    synthetic bridge boolean shouldUpdate(java.lang.Object,java.lang.Object)
kotlin.LazyKt
androidx.core.view.accessibility.AccessibilityManagerCompat$TouchExplorationStateChangeListenerWrapper
com.google.android.gms.internal.location.zzt
kotlin.time.Duration$Companion